<?xml version="1.0" encoding="UTF-8"?>
<!-- Generated by org.testng.reporters.JUnitXMLReporter -->
<testsuite ignored="0" hostname="AnilKumarCh" failures="0" tests="5" name="book flight for 4 passengers" time="11.953" errors="0" timestamp="2019-10-27T14:47:53 IST">
  <testcase classname="com.newtours.tests.BookFlightTest" name="registrationPageTest" time="3.847"/>
  <testcase classname="com.newtours.tests.BookFlightTest" name="registrationConfirmationTest" time="1.508"/>
  <testcase classname="com.newtours.tests.BookFlightTest" name="flightDetailsPageTest" time="0.905"/>
  <testcase classname="com.newtours.tests.BookFlightTest" name="findFlightPageTest" time="2.177"/>
  <testcase classname="com.newtours.tests.BookFlightTest" name="flightConfirmationPageTest" time="1.646"/>
</testsuite> <!-- book flight for 4 passengers -->
