<?xml version="1.0" encoding="UTF-8"?>
<!-- Generated by org.testng.reporters.JUnitXMLReporter -->
<testsuite ignored="0" hostname="AnilKumarCh" failures="0" tests="5" name="book flight for 3 passengers" time="14.923" errors="0" timestamp="2019-10-27T14:47:20 IST">
  <testcase classname="com.newtours.tests.BookFlightTest" name="registrationPageTest" time="4.857"/>
  <testcase classname="com.newtours.tests.BookFlightTest" name="registrationConfirmationTest" time="1.426"/>
  <testcase classname="com.newtours.tests.BookFlightTest" name="flightDetailsPageTest" time="1.235"/>
  <testcase classname="com.newtours.tests.BookFlightTest" name="findFlightPageTest" time="2.543"/>
  <testcase classname="com.newtours.tests.BookFlightTest" name="flightConfirmationPageTest" time="1.835"/>
</testsuite> <!-- book flight for 3 passengers -->
