<?xml version="1.0" encoding="UTF-8"?>
<!-- Generated by org.testng.reporters.JUnitXMLReporter -->
<testsuite ignored="0" hostname="AnilKumarCh" failures="0" tests="5" name="book flight for 2 passengers" time="11.644" errors="0" timestamp="2019-10-27T14:47:05 IST">
  <testcase classname="com.newtours.tests.BookFlightTest" name="registrationPageTest" time="3.618"/>
  <testcase classname="com.newtours.tests.BookFlightTest" name="registrationConfirmationTest" time="1.094"/>
  <testcase classname="com.newtours.tests.BookFlightTest" name="flightDetailsPageTest" time="1.036"/>
  <testcase classname="com.newtours.tests.BookFlightTest" name="findFlightPageTest" time="2.574"/>
  <testcase classname="com.newtours.tests.BookFlightTest" name="flightConfirmationPageTest" time="1.426"/>
</testsuite> <!-- book flight for 2 passengers -->
