<?xml version="1.0" encoding="UTF-8"?>
<!-- Generated by org.testng.reporters.JUnitXMLReporter -->
<testsuite ignored="0" hostname="AnilKumarCh" failures="0" tests="5" name="book flight for 1 passenger" time="21.158" errors="0" timestamp="2019-10-27T14:47:41 IST">
  <testcase classname="com.newtours.tests.BookFlightTest" name="registrationPageTest" time="4.836"/>
  <testcase classname="com.newtours.tests.BookFlightTest" name="registrationConfirmationTest" time="1.186"/>
  <testcase classname="com.newtours.tests.BookFlightTest" name="flightDetailsPageTest" time="1.449"/>
  <testcase classname="com.newtours.tests.BookFlightTest" name="findFlightPageTest" time="2.295"/>
  <testcase classname="com.newtours.tests.BookFlightTest" name="flightConfirmationPageTest" time="1.248"/>
</testsuite> <!-- book flight for 1 passenger -->
