<?xml version="1.0" encoding="UTF-8"?>
<testng-results ignored="0" total="2" passed="2" failed="0" skipped="0">
  <reporter-output>
  </reporter-output>
  <suite started-at="2019-10-27T15:34:38 IST" name="Test Search functionality" finished-at="2019-10-27T15:35:19 IST" duration-ms="41618">
    <groups>
    </groups>
    <test started-at="2019-10-27T15:34:38 IST" name="Search for webdriver" finished-at="2019-10-27T15:35:19 IST" duration-ms="40992">
      <class name="com.ducksearch.tests.SearchPageTest">
        <test-method is-config="true" signature="setUpDriver(org.testng.ITestContext)[pri:0, instance:com.ducksearch.tests.SearchPageTest@4e91d63f]" started-at="2019-10-27T15:34:38 IST" name="setUpDriver" finished-at="2019-10-27T15:35:03 IST" duration-ms="24829" status="PASS">
          <params>
            <param index="0">
              <value>
                <![CDATA[org.testng.TestRunner@4a22f9e2]]>
              </value>
            </param>
          </params>
          <reporter-output>
          </reporter-output>
        </test-method> <!-- setUpDriver -->
        <test-method signature="searchTest(java.lang.String)[pri:0, instance:com.ducksearch.tests.SearchPageTest@4e91d63f]" started-at="2019-10-27T15:35:03 IST" name="searchTest" finished-at="2019-10-27T15:35:18 IST" duration-ms="15795" status="PASS">
          <params>
            <param index="0">
              <value>
                <![CDATA[webdriver]]>
              </value>
            </param>
          </params>
          <reporter-output>
          </reporter-output>
        </test-method> <!-- searchTest -->
        <test-method is-config="true" signature="tearDown()[pri:0, instance:com.ducksearch.tests.SearchPageTest@4e91d63f]" started-at="2019-10-27T15:35:18 IST" name="tearDown" finished-at="2019-10-27T15:35:19 IST" duration-ms="346" status="PASS">
          <reporter-output>
          </reporter-output>
        </test-method> <!-- tearDown -->
      </class> <!-- com.ducksearch.tests.SearchPageTest -->
    </test> <!-- Search for webdriver -->
    <test started-at="2019-10-27T15:34:38 IST" name="Search for docker" finished-at="2019-10-27T15:35:19 IST" duration-ms="41618">
      <class name="com.ducksearch.tests.SearchPageTest">
        <test-method is-config="true" signature="setUpDriver(org.testng.ITestContext)[pri:0, instance:com.ducksearch.tests.SearchPageTest@769e7ee8]" started-at="2019-10-27T15:34:38 IST" name="setUpDriver" finished-at="2019-10-27T15:35:03 IST" duration-ms="25125" status="PASS">
          <params>
            <param index="0">
              <value>
                <![CDATA[org.testng.TestRunner@61230f6a]]>
              </value>
            </param>
          </params>
          <reporter-output>
          </reporter-output>
        </test-method> <!-- setUpDriver -->
        <test-method signature="searchTest(java.lang.String)[pri:0, instance:com.ducksearch.tests.SearchPageTest@769e7ee8]" started-at="2019-10-27T15:35:03 IST" name="searchTest" finished-at="2019-10-27T15:35:19 IST" duration-ms="16332" status="PASS">
          <params>
            <param index="0">
              <value>
                <![CDATA[docker]]>
              </value>
            </param>
          </params>
          <reporter-output>
          </reporter-output>
        </test-method> <!-- searchTest -->
        <test-method is-config="true" signature="tearDown()[pri:0, instance:com.ducksearch.tests.SearchPageTest@769e7ee8]" started-at="2019-10-27T15:35:19 IST" name="tearDown" finished-at="2019-10-27T15:35:19 IST" duration-ms="146" status="PASS">
          <reporter-output>
          </reporter-output>
        </test-method> <!-- tearDown -->
      </class> <!-- com.ducksearch.tests.SearchPageTest -->
    </test> <!-- Search for docker -->
  </suite> <!-- Test Search functionality -->
</testng-results>
