<?xml version="1.0" encoding="UTF-8"?>
<!-- Generated by org.testng.reporters.JUnitXMLReporter -->
<testsuite ignored="0" hostname="AnilKumarCh" failures="0" tests="4" name="Search for webdriver" time="40.992" errors="0" timestamp="2019-10-27T15:35:19 IST">
  <testcase classname="com.ducksearch.tests.SearchPageTest" name="searchTest" time="14.161"/>
  <testcase classname="com.ducksearch.tests.SearchPageTest" name="searchTest" time="15.849"/>
  <testcase classname="com.ducksearch.tests.SearchPageTest" name="searchTest" time="15.795"/>
  <testcase classname="com.ducksearch.tests.SearchPageTest" name="searchTest" time="14.266"/>
</testsuite> <!-- Search for webdriver -->
